Failed Matches:
kalimantan
mauretania
casamance
bissau
guinee
ivoire
burkina
south_sudan
somaliland
soqotra
centrafrique
sao tome
principe
bioko
cabinda
drc
tanzania
swaziland
disko
milne
east antarctica
antarctic peninsula
thurston
alexander
smyley
robert
king george
james ross
elephant
tasmania
new zealand north island
new zealand south island
sumatra
east malaysia
brunei
sulawesi
maluku
seram
java
bali
lombok
sumba
flores
timor
new ireland
new britain
bougainville
choiseul
new georgia
santa isabel
malaita
santa ana
rennell
espiritu santo
malakula
efate
palawan
negros
cebu
samar
path7462
luzon
mindoro
hainan
taiwan
kyushu
shikoku
honshu
hokkaido
iturup
urup
paramushir
onekotan
sakhalin
bering island
medny
attu
amchitka
adak
umnak
unalaska
st. lawrence island
st. lawrence island west
alaska
chukotka
wrangel-w
unalaska west
umnak west
another aleutian west
adak west
amchitka west
attu west
kerguelen
reunion
grande comore
aldabra
praslin
mahe
male
maldive
gan
path151
terceira
pico
sao miguel
madeira
lanzarote
gran canaria
tenerife
santo antao
boa vista
santiago
kauai
oahu
kahului
hawaii
raiatea
tahiti
st. lucia
st. vincent
trinidad
haiti-dominican border
domincan republic
falklands west
falklands east
spitsbergen
nordaustlandet
edgeoya
prince george
salisbury
wilczek
bell
novaya zemlya north
novaya zemlya south
komsomolets
october
bolshevik
kotelny
novaya sibir
lyakhovsky
wrangel
bimini
andros
inagua
eleuthera
grand bahama
irian jaya
alaska-westcopy
galapagos
banks
prince patrick
eglinton
mackenzie king
king christian
ellef ringnes
amund ringnes
axel heiberg
victoria
prince of wales
prescott
cornwallis
bathurst
devon
baffin
bylot
ellesmere
southhampton
newfoundland
usa
haida gwaii
vancouver
venezuela
guyane
bolivia
tierra del fuego chile
tierra del fuego argentina
chiloe
russia
north korea
south korea
kirgizstan
burma
laos
vietnam
iran
turkey
emirates
saudi
syria
britain
ulster
path302
hiumaa
saaremaa
majorca
sardinia
corsica
netherlands
sjælland
gotland
czech
bosnia
sicily
moldova
macedonia
thrace
crete
path1
path-1
